[0318/142716.079:ERROR:process_reader_win.cc(151)] SuspendThread: Access is denied. (0x5)
[0318/142716.080:ERROR:exception_snapshot_win.cc(98)] thread ID 8164 not found in process
[0318/142716.080:ERROR:scoped_process_suspend.cc(40)] NtResumeProcess: An attempt was made to access an exiting process. (0xc000010a)
[0318/152435.556:ERROR:process_info.cc(329)] VirtualQueryEx: Access is denied. (0x5)
[0318/152435.557:ERROR:process_info.cc(556)] ReadMemoryInfo failed
[0318/152435.557:ERROR:process_memory_win.cc(39)] Failed to initialize ProcessInfo.
[0318/152435.557:ERROR:scoped_process_suspend.cc(40)] NtResumeProcess: An attempt was made to access an exiting process. (0xc000010a)
[0318/153842.718:ERROR:process_reader_win.cc(151)] SuspendThread: Access is denied. (0x5)
[0318/153842.720:ERROR:exception_snapshot_win.cc(98)] thread ID 10964 not found in process
[0318/153842.720:ERROR:scoped_process_suspend.cc(40)] NtResumeProcess: An attempt was made to access an exiting process. (0xc000010a)
[0318/153852.798:ERROR:process_reader_win.cc(151)] SuspendThread: Access is denied. (0x5)
[0318/153852.798:ERROR:process_reader_win.cc(151)] SuspendThread: Access is denied. (0x5)
[0318/153852.798:ERROR:process_reader_win.cc(151)] SuspendThread: Access is denied. (0x5)
[0318/153852.798:ERROR:process_reader_win.cc(151)] SuspendThread: Access is denied. (0x5)
[0318/153852.799:ERROR:process_reader_win.cc(151)] SuspendThread: Access is denied. (0x5)
[0318/153852.914:ERROR:process_memory_win.cc(73)] ReadMemory at 0x5f2c7fa000 of 24576 bytes failed: Only part of a ReadProcessMemory or WriteProcessMemory request was completed. (0x12B)
[0318/153852.914:ERROR:process_memory_win.cc(73)] ReadMemory at 0x5f2cffe000 of 8192 bytes failed: Only part of a ReadProcessMemory or WriteProcessMemory request was completed. (0x12B)
[0318/153852.914:ERROR:process_memory_win.cc(73)] ReadMemory at 0x5f2d7fd000 of 12288 bytes failed: Only part of a ReadProcessMemory or WriteProcessMemory request was completed. (0x12B)
[0318/153852.914:ERROR:process_memory_win.cc(73)] ReadMemory at 0x5f2dffc000 of 16384 bytes failed: Only part of a ReadProcessMemory or WriteProcessMemory request was completed. (0x12B)
[0318/153852.914:ERROR:process_memory_win.cc(73)] ReadMemory at 0x5f2e7fd000 of 12288 bytes failed: Only part of a ReadProcessMemory or WriteProcessMemory request was completed. (0x12B)
[0318/153852.914:ERROR:process_memory_win.cc(73)] ReadMemory at 0x5f2eff7000 of 36864 bytes failed: Only part of a ReadProcessMemory or WriteProcessMemory request was completed. (0x12B)
[0318/153852.914:ERROR:process_memory_win.cc(73)] ReadMemory at 0x5f2f7fd000 of 12288 bytes failed: Only part of a ReadProcessMemory or WriteProcessMemory request was completed. (0x12B)
[0318/153852.915:ERROR:process_memory_win.cc(73)] ReadMemory at 0x5f2fff9000 of 28672 bytes failed: Only part of a ReadProcessMemory or WriteProcessMemory request was completed. (0x12B)
[0318/153852.915:ERROR:process_memory_win.cc(73)] ReadMemory at 0x5f307fd000 of 12288 bytes failed: Only part of a ReadProcessMemory or WriteProcessMemory request was completed. (0x12B)
[0318/153852.915:ERROR:process_memory_win.cc(73)] ReadMemory at 0x5f317ff000 of 4096 bytes failed: Only part of a ReadProcessMemory or WriteProcessMemory request was completed. (0x12B)
[0318/153852.915:ERROR:process_memory_win.cc(73)] ReadMemory at 0x5f31fff000 of 4096 bytes failed: Only part of a ReadProcessMemory or WriteProcessMemory request was completed. (0x12B)
[0318/153852.915:ERROR:process_memory_win.cc(73)] ReadMemory at 0x5f2bfb2000 of 852 bytes failed: Only part of a ReadProcessMemory or WriteProcessMemory request was completed. (0x12B)
[0318/153852.915:ERROR:process_memory_win.cc(73)] ReadMemory at 0x5f2bfb3000 of 6024 bytes failed: Only part of a ReadProcessMemory or WriteProcessMemory request was completed. (0x12B)
[0318/153852.915:ERROR:process_memory_win.cc(73)] ReadMemory at 0x5f2bfb5000 of 6024 bytes failed: Only part of a ReadProcessMemory or WriteProcessMemory request was completed. (0x12B)
[0318/153852.915:ERROR:process_memory_win.cc(73)] ReadMemory at 0x5f2bfb7000 of 6024 bytes failed: Only part of a ReadProcessMemory or WriteProcessMemory request was completed. (0x12B)
[0318/153852.915:ERROR:process_memory_win.cc(73)] ReadMemory at 0x5f2bfb9000 of 6024 bytes failed: Only part of a ReadProcessMemory or WriteProcessMemory request was completed. (0x12B)
[0318/153852.916:ERROR:process_memory_win.cc(73)] ReadMemory at 0x5f2bfbb000 of 6024 bytes failed: Only part of a ReadProcessMemory or WriteProcessMemory request was completed. (0x12B)
[0318/153852.916:ERROR:process_memory_win.cc(73)] ReadMemory at 0x5f2bfbd000 of 6024 bytes failed: Only part of a ReadProcessMemory or WriteProcessMemory request was completed. (0x12B)
[0318/153852.916:ERROR:process_memory_win.cc(73)] ReadMemory at 0x5f2bfbf000 of 6024 bytes failed: Only part of a ReadProcessMemory or WriteProcessMemory request was completed. (0x12B)
[0318/153852.916:ERROR:process_memory_win.cc(73)] ReadMemory at 0x5f2bfc1000 of 6024 bytes failed: Only part of a ReadProcessMemory or WriteProcessMemory request was completed. (0x12B)
[0318/153852.916:ERROR:process_memory_win.cc(73)] ReadMemory at 0x5f2bfc3000 of 6024 bytes failed: Only part of a ReadProcessMemory or WriteProcessMemory request was completed. (0x12B)
[0318/153852.916:ERROR:process_memory_win.cc(73)] ReadMemory at 0x5f2bfc7000 of 6024 bytes failed: Only part of a ReadProcessMemory or WriteProcessMemory request was completed. (0x12B)
[0318/153852.916:ERROR:process_memory_win.cc(73)] ReadMemory at 0x5f2bfc9000 of 6024 bytes failed: Only part of a ReadProcessMemory or WriteProcessMemory request was completed. (0x12B)
[0318/153852.916:ERROR:process_memory_win.cc(73)] ReadMemory at 0x224ebf90000 of 384 bytes failed: Only part of a ReadProcessMemory or WriteProcessMemory request was completed. (0x12B)
[0318/153852.916:ERROR:process_memory_win.cc(73)] ReadMemory at 0x224ebf90750 of 80 bytes failed: Only part of a ReadProcessMemory or WriteProcessMemory request was completed. (0x12B)
[0318/153852.916:ERROR:process_memory_win.cc(73)] ReadMemory at 0x224ebf90ad0 of 512 bytes failed: Only part of a ReadProcessMemory or WriteProcessMemory request was completed. (0x12B)
[0318/153852.916:ERROR:process_memory_win.cc(73)] ReadMemory at 0x224ebf90fe0 of 9786 bytes failed: Only part of a ReadProcessMemory or WriteProcessMemory request was completed. (0x12B)
[0318/153852.916:ERROR:process_memory_win.cc(73)] ReadMemory at 0x224ebf93630 of 1012 bytes failed: Only part of a ReadProcessMemory or WriteProcessMemory request was completed. (0x12B)
[0318/153852.916:ERROR:process_memory_win.cc(73)] ReadMemory at 0x224ebf93c78 of 118 bytes failed: Only part of a ReadProcessMemory or WriteProcessMemory request was completed. (0x12B)
[0318/153852.916:ERROR:process_memory_win.cc(73)] ReadMemory at 0x224ebf93cf0 of 932 bytes failed: Only part of a ReadProcessMemory or WriteProcessMemory request was completed. (0x12B)
[0318/153852.916:ERROR:process_memory_win.cc(73)] ReadMemory at 0x224ebf94096 of 118 bytes failed: Only part of a ReadProcessMemory or WriteProcessMemory request was completed. (0x12B)
[0318/153852.917:ERROR:process_memory_win.cc(73)] ReadMemory at 0x224ebf9410e of 30 bytes failed: Only part of a ReadProcessMemory or WriteProcessMemory request was completed. (0x12B)
[0318/153852.917:ERROR:process_memory_win.cc(73)] ReadMemory at 0x224ebf94140 of 58 bytes failed: Only part of a ReadProcessMemory or WriteProcessMemory request was completed. (0x12B)
[0318/153852.917:ERROR:process_memory_win.cc(73)] ReadMemory at 0x224ebf94240 of 132 bytes failed: Only part of a ReadProcessMemory or WriteProcessMemory request was completed. (0x12B)
[0318/153852.917:ERROR:process_memory_win.cc(73)] ReadMemory at 0x224ebf943d0 of 132 bytes failed: Only part of a ReadProcessMemory or WriteProcessMemory request was completed. (0x12B)
[0318/153852.917:ERROR:process_memory_win.cc(73)] ReadMemory at 0x224ebf94590 of 126 bytes failed: Only part of a ReadProcessMemory or WriteProcessMemory request was completed. (0x12B)
[0318/153852.917:ERROR:process_memory_win.cc(73)] ReadMemory at 0x224ebf94970 of 132 bytes failed: Only part of a ReadProcessMemory or WriteProcessMemory request was completed. (0x12B)
[0318/153852.917:ERROR:process_memory_win.cc(73)] ReadMemory at 0x224ebf94b00 of 64 bytes failed: Only part of a ReadProcessMemory or WriteProcessMemory request was completed. (0x12B)
[0318/153852.917:ERROR:process_memory_win.cc(73)] ReadMemory at 0x224ebf94cc0 of 132 bytes failed: Only part of a ReadProcessMemory or WriteProcessMemory request was completed. (0x12B)
[0318/153852.917:ERROR:process_memory_win.cc(73)] ReadMemory at 0x224ebf94f60 of 132 bytes failed: Only part of a ReadProcessMemory or WriteProcessMemory request was completed. (0x12B)
[0318/153852.917:ERROR:process_memory_win.cc(73)] ReadMemory at 0x224ebf950f0 of 68 bytes failed: Only part of a ReadProcessMemory or WriteProcessMemory request was completed. (0x12B)
[0318/153852.917:ERROR:process_memory_win.cc(73)] ReadMemory at 0x224ebf96210 of 132 bytes failed: Only part of a ReadProcessMemory or WriteProcessMemory request was completed. (0x12B)
[0318/153852.917:ERROR:process_memory_win.cc(73)] ReadMemory at 0x224ebf963a0 of 154 bytes failed: Only part of a ReadProcessMemory or WriteProcessMemory request was completed. (0x12B)
[0318/153852.917:ERROR:process_memory_win.cc(73)] ReadMemory at 0x224ebf97190 of 62 bytes failed: Only part of a ReadProcessMemory or WriteProcessMemory request was completed. (0x12B)
[0318/153852.917:ERROR:process_memory_win.cc(73)] ReadMemory at 0x224ebf971e0 of 132 bytes failed: Only part of a ReadProcessMemory or WriteProcessMemory request was completed. (0x12B)
[0318/153852.917:ERROR:process_memory_win.cc(73)] ReadMemory at 0x224ebf97380 of 132 bytes failed: Only part of a ReadProcessMemory or WriteProcessMemory request was completed. (0x12B)
[0318/153852.918:ERROR:process_memory_win.cc(73)] ReadMemory at 0x224ebf974b0 of 60 bytes failed: Only part of a ReadProcessMemory or WriteProcessMemory request was completed. (0x12B)
[0318/153852.918:ERROR:process_memory_win.cc(73)] ReadMemory at 0x224ebf990c0 of 132 bytes failed: Only part of a ReadProcessMemory or WriteProcessMemory request was completed. (0x12B)
[0318/153852.918:ERROR:process_memory_win.cc(73)] ReadMemory at 0x224ebf9c060 of 60 bytes failed: Only part of a ReadProcessMemory or WriteProcessMemory request was completed. (0x12B)
[0318/153852.918:ERROR:process_memory_win.cc(73)] ReadMemory at 0x224ebf9c0b0 of 66 bytes failed: Only part of a ReadProcessMemory or WriteProcessMemory request was completed. (0x12B)
[0318/153852.918:ERROR:process_memory_win.cc(73)] ReadMemory at 0x224ebf9c100 of 64 bytes failed: Only part of a ReadProcessMemory or WriteProcessMemory request was completed. (0x12B)
[0318/153852.918:ERROR:process_memory_win.cc(73)] ReadMemory at 0x224ebf9c150 of 62 bytes failed: Only part of a ReadProcessMemory or WriteProcessMemory request was completed. (0x12B)
[0318/153852.918:ERROR:process_memory_win.cc(73)] ReadMemory at 0x224ebf9c1a0 of 64 bytes failed: Only part of a ReadProcessMemory or WriteProcessMemory request was completed. (0x12B)
[0318/153852.918:ERROR:process_memory_win.cc(73)] ReadMemory at 0x224ebf9c240 of 64 bytes failed: Only part of a ReadProcessMemory or WriteProcessMemory request was completed. (0x12B)
[0318/153852.918:ERROR:process_memory_win.cc(73)] ReadMemory at 0x224ebf9c3d0 of 62 bytes failed: Only part of a ReadProcessMemory or WriteProcessMemory request was completed. (0x12B)
[0318/153852.918:ERROR:process_memory_win.cc(73)] ReadMemory at 0x224ebf9c510 of 64 bytes failed: Only part of a ReadProcessMemory or WriteProcessMemory request was completed. (0x12B)
[0318/153852.918:ERROR:process_memory_win.cc(73)] ReadMemory at 0x224ebf9c650 of 60 bytes failed: Only part of a ReadProcessMemory or WriteProcessMemory request was completed. (0x12B)
[0318/153852.918:ERROR:process_memory_win.cc(73)] ReadMemory at 0x224ebf9ca70 of 78 bytes failed: Only part of a ReadProcessMemory or WriteProcessMemory request was completed. (0x12B)
[0318/153852.918:ERROR:process_memory_win.cc(73)] ReadMemory at 0x224ebf9ce90 of 80 bytes failed: Only part of a ReadProcessMemory or WriteProcessMemory request was completed. (0x12B)
[0318/153852.918:ERROR:process_memory_win.cc(73)] ReadMemory at 0x224ebf9d130 of 76 bytes failed: Only part of a ReadProcessMemory or WriteProcessMemory request was completed. (0x12B)
[0318/153852.918:ERROR:process_memory_win.cc(73)] ReadMemory at 0x224ebf9d830 of 62 bytes failed: Only part of a ReadProcessMemory or WriteProcessMemory request was completed. (0x12B)
[0318/153852.918:ERROR:process_memory_win.cc(73)] ReadMemory at 0x224ebf9d880 of 62 bytes failed: Only part of a ReadProcessMemory or WriteProcessMemory request was completed. (0x12B)
[0318/153852.918:ERROR:process_memory_win.cc(73)] ReadMemory at 0x224ebf9d970 of 64 bytes failed: Only part of a ReadProcessMemory or WriteProcessMemory request was completed. (0x12B)
[0318/153852.919:ERROR:process_memory_win.cc(73)] ReadMemory at 0x224ebf9d9c0 of 60 bytes failed: Only part of a ReadProcessMemory or WriteProcessMemory request was completed. (0x12B)
[0318/153852.919:ERROR:process_memory_win.cc(73)] ReadMemory at 0x224ebf9dab0 of 60 bytes failed: Only part of a ReadProcessMemory or WriteProcessMemory request was completed. (0x12B)
[0318/153852.919:ERROR:process_memory_win.cc(73)] ReadMemory at 0x224ebf9db00 of 64 bytes failed: Only part of a ReadProcessMemory or WriteProcessMemory request was completed. (0x12B)
[0318/153852.919:ERROR:process_memory_win.cc(73)] ReadMemory at 0x224ebf9dba0 of 64 bytes failed: Only part of a ReadProcessMemory or WriteProcessMemory request was completed. (0x12B)
[0318/153852.919:ERROR:process_memory_win.cc(73)] ReadMemory at 0x224ebf9dbf0 of 60 bytes failed: Only part of a ReadProcessMemory or WriteProcessMemory request was completed. (0x12B)
[0318/153852.919:ERROR:process_memory_win.cc(73)] ReadMemory at 0x224ebf9ddd0 of 62 bytes failed: Only part of a ReadProcessMemory or WriteProcessMemory request was completed. (0x12B)
[0318/153852.919:ERROR:process_memory_win.cc(73)] ReadMemory at 0x224ebf9dec0 of 60 bytes failed: Only part of a ReadProcessMemory or WriteProcessMemory request was completed. (0x12B)
[0318/153852.919:ERROR:process_memory_win.cc(73)] ReadMemory at 0x224ebf9df10 of 58 bytes failed: Only part of a ReadProcessMemory or WriteProcessMemory request was completed. (0x12B)
[0318/153852.919:ERROR:process_memory_win.cc(73)] ReadMemory at 0x224ebf9e0f0 of 62 bytes failed: Only part of a ReadProcessMemory or WriteProcessMemory request was completed. (0x12B)
[0318/153852.919:ERROR:process_memory_win.cc(73)] ReadMemory at 0x224ebf9e140 of 62 bytes failed: Only part of a ReadProcessMemory or WriteProcessMemory request was completed. (0x12B)
[0318/153852.919:ERROR:process_memory_win.cc(73)] ReadMemory at 0x224ebf9e1e0 of 64 bytes failed: Only part of a ReadProcessMemory or WriteProcessMemory request was completed. (0x12B)
[0318/153852.919:ERROR:process_memory_win.cc(73)] ReadMemory at 0x224ebf9e230 of 62 bytes failed: Only part of a ReadProcessMemory or WriteProcessMemory request was completed. (0x12B)
[0318/153852.919:ERROR:process_memory_win.cc(73)] ReadMemory at 0x224ebf9e370 of 62 bytes failed: Only part of a ReadProcessMemory or WriteProcessMemory request was completed. (0x12B)
[0318/153852.919:ERROR:process_memory_win.cc(73)] ReadMemory at 0x224ebf9e3c0 of 62 bytes failed: Only part of a ReadProcessMemory or WriteProcessMemory request was completed. (0x12B)
[0318/153852.919:ERROR:process_memory_win.cc(73)] ReadMemory at 0x224ebf9e410 of 66 bytes failed: Only part of a ReadProcessMemory or WriteProcessMemory request was completed. (0x12B)
[0318/153852.919:ERROR:process_memory_win.cc(73)] ReadMemory at 0x224ebf9f010 of 132 bytes failed: Only part of a ReadProcessMemory or WriteProcessMemory request was completed. (0x12B)
[0318/153852.919:ERROR:process_memory_win.cc(73)] ReadMemory at 0x224ebf9f140 of 146 bytes failed: Only part of a ReadProcessMemory or WriteProcessMemory request was completed. (0x12B)
[0318/153852.920:ERROR:process_memory_win.cc(73)] ReadMemory at 0x224ebf9fb10 of 132 bytes failed: Only part of a ReadProcessMemory or WriteProcessMemory request was completed. (0x12B)
[0318/153852.920:ERROR:process_memory_win.cc(73)] ReadMemory at 0x224ebf9fe70 of 132 bytes failed: Only part of a ReadProcessMemory or WriteProcessMemory request was completed. (0x12B)
[0318/153852.920:ERROR:process_memory_win.cc(73)] ReadMemory at 0x224ebfa0080 of 132 bytes failed: Only part of a ReadProcessMemory or WriteProcessMemory request was completed. (0x12B)
[0318/153852.920:ERROR:process_memory_win.cc(73)] ReadMemory at 0x224ebfa0df0 of 54 bytes failed: Only part of a ReadProcessMemory or WriteProcessMemory request was completed. (0x12B)
[0318/153852.920:ERROR:process_memory_win.cc(73)] ReadMemory at 0x224ebfa1dd0 of 132 bytes failed: Only part of a ReadProcessMemory or WriteProcessMemory request was completed. (0x12B)
[0318/153852.920:ERROR:process_memory_win.cc(73)] ReadMemory at 0x224ebfa21b0 of 132 bytes failed: Only part of a ReadProcessMemory or WriteProcessMemory request was completed. (0x12B)
[0318/153852.920:ERROR:process_memory_win.cc(73)] ReadMemory at 0x224ebfa3b20 of 132 bytes failed: Only part of a ReadProcessMemory or WriteProcessMemory request was completed. (0x12B)
[0318/153852.920:ERROR:process_memory_win.cc(73)] ReadMemory at 0x224ebfa3e40 of 132 bytes failed: Only part of a ReadProcessMemory or WriteProcessMemory request was completed. (0x12B)
[0318/153852.920:ERROR:process_memory_win.cc(73)] ReadMemory at 0x224ebfa5a70 of 132 bytes failed: Only part of a ReadProcessMemory or WriteProcessMemory request was completed. (0x12B)
[0318/153852.920:ERROR:process_memory_win.cc(73)] ReadMemory at 0x224ebfa5ba0 of 132 bytes failed: Only part of a ReadProcessMemory or WriteProcessMemory request was completed. (0x12B)
[0318/153852.920:ERROR:process_memory_win.cc(73)] ReadMemory at 0x224ebfa5cd0 of 132 bytes failed: Only part of a ReadProcessMemory or WriteProcessMemory request was completed. (0x12B)
[0318/153852.920:ERROR:process_memory_win.cc(73)] ReadMemory at 0x224ebfa5e00 of 132 bytes failed: Only part of a ReadProcessMemory or WriteProcessMemory request was completed. (0x12B)
[0318/153852.920:ERROR:process_memory_win.cc(73)] ReadMemory at 0x224ebfa5f30 of 132 bytes failed: Only part of a ReadProcessMemory or WriteProcessMemory request was completed. (0x12B)
[0318/153852.920:ERROR:process_memory_win.cc(73)] ReadMemory at 0x224ebfa6060 of 132 bytes failed: Only part of a ReadProcessMemory or WriteProcessMemory request was completed. (0x12B)
[0318/153852.920:ERROR:process_memory_win.cc(73)] ReadMemory at 0x224ebfa6190 of 132 bytes failed: Only part of a ReadProcessMemory or WriteProcessMemory request was completed. (0x12B)
[0318/153852.920:ERROR:process_memory_win.cc(73)] ReadMemory at 0x224ebfa62c0 of 132 bytes failed: Only part of a ReadProcessMemory or WriteProcessMemory request was completed. (0x12B)
[0318/153852.921:ERROR:process_memory_win.cc(73)] ReadMemory at 0x224ebfa63f0 of 132 bytes failed: Only part of a ReadProcessMemory or WriteProcessMemory request was completed. (0x12B)
[0318/153852.921:ERROR:process_memory_win.cc(73)] ReadMemory at 0x224ebfa6520 of 132 bytes failed: Only part of a ReadProcessMemory or WriteProcessMemory request was completed. (0x12B)
[0318/153852.921:ERROR:process_memory_win.cc(73)] ReadMemory at 0x224ebfa6650 of 132 bytes failed: Only part of a ReadProcessMemory or WriteProcessMemory request was completed. (0x12B)
[0318/153852.921:ERROR:process_memory_win.cc(73)] ReadMemory at 0x224ebfa68b0 of 132 bytes failed: Only part of a ReadProcessMemory or WriteProcessMemory request was completed. (0x12B)
[0318/153852.921:ERROR:process_memory_win.cc(73)] ReadMemory at 0x224ebfa7760 of 132 bytes failed: Only part of a ReadProcessMemory or WriteProcessMemory request was completed. (0x12B)
[0318/153852.921:ERROR:process_memory_win.cc(73)] ReadMemory at 0x224ebfa7890 of 132 bytes failed: Only part of a ReadProcessMemory or WriteProcessMemory request was completed. (0x12B)
[0318/153852.921:ERROR:process_memory_win.cc(73)] ReadMemory at 0x224ebfa79c0 of 132 bytes failed: Only part of a ReadProcessMemory or WriteProcessMemory request was completed. (0x12B)
[0318/153852.921:ERROR:process_memory_win.cc(73)] ReadMemory at 0x224ebfa7c20 of 132 bytes failed: Only part of a ReadProcessMemory or WriteProcessMemory request was completed. (0x12B)
[0318/153852.921:ERROR:process_memory_win.cc(73)] ReadMemory at 0x224ebfa7d50 of 132 bytes failed: Only part of a ReadProcessMemory or WriteProcessMemory request was completed. (0x12B)
[0318/153852.921:ERROR:process_memory_win.cc(73)] ReadMemory at 0x224ebfa7e80 of 132 bytes failed: Only part of a ReadProcessMemory or WriteProcessMemory request was completed. (0x12B)
[0318/153852.921:ERROR:process_memory_win.cc(73)] ReadMemory at 0x224ebfa7fb0 of 132 bytes failed: Only part of a ReadProcessMemory or WriteProcessMemory request was completed. (0x12B)
[0318/153852.921:ERROR:process_memory_win.cc(73)] ReadMemory at 0x224ebfa80e0 of 132 bytes failed: Only part of a ReadProcessMemory or WriteProcessMemory request was completed. (0x12B)
[0318/153852.921:ERROR:process_memory_win.cc(73)] ReadMemory at 0x224ebfa8340 of 132 bytes failed: Only part of a ReadProcessMemory or WriteProcessMemory request was completed. (0x12B)
[0318/153852.921:ERROR:process_memory_win.cc(73)] ReadMemory at 0x224ebfa85a0 of 132 bytes failed: Only part of a ReadProcessMemory or WriteProcessMemory request was completed. (0x12B)
[0318/153852.921:ERROR:process_memory_win.cc(73)] ReadMemory at 0x224ebfa86d0 of 132 bytes failed: Only part of a ReadProcessMemory or WriteProcessMemory request was completed. (0x12B)
[0318/153852.921:ERROR:process_memory_win.cc(73)] ReadMemory at 0x224ebfa8800 of 132 bytes failed: Only part of a ReadProcessMemory or WriteProcessMemory request was completed. (0x12B)
[0318/153852.922:ERROR:process_memory_win.cc(73)] ReadMemory at 0x224ebfa8930 of 132 bytes failed: Only part of a ReadProcessMemory or WriteProcessMemory request was completed. (0x12B)
[0318/153852.922:ERROR:process_memory_win.cc(73)] ReadMemory at 0x224ebfa8a60 of 132 bytes failed: Only part of a ReadProcessMemory or WriteProcessMemory request was completed. (0x12B)
[0318/153852.922:ERROR:process_memory_win.cc(73)] ReadMemory at 0x224ebfa8b90 of 132 bytes failed: Only part of a ReadProcessMemory or WriteProcessMemory request was completed. (0x12B)
[0318/153852.922:ERROR:process_memory_win.cc(73)] ReadMemory at 0x224ebfa8cc0 of 132 bytes failed: Only part of a ReadProcessMemory or WriteProcessMemory request was completed. (0x12B)
[0318/153852.922:ERROR:process_memory_win.cc(73)] ReadMemory at 0x224ebfa8df0 of 132 bytes failed: Only part of a ReadProcessMemory or WriteProcessMemory request was completed. (0x12B)
[0318/153852.922:ERROR:process_memory_win.cc(73)] ReadMemory at 0x224ebfa8f20 of 132 bytes failed: Only part of a ReadProcessMemory or WriteProcessMemory request was completed. (0x12B)
[0318/153852.922:ERROR:process_memory_win.cc(73)] ReadMemory at 0x224ebfa9050 of 132 bytes failed: Only part of a ReadProcessMemory or WriteProcessMemory request was completed. (0x12B)
[0318/153852.922:ERROR:process_memory_win.cc(73)] ReadMemory at 0x224ebfa9180 of 132 bytes failed: Only part of a ReadProcessMemory or WriteProcessMemory request was completed. (0x12B)
[0318/153852.922:ERROR:process_memory_win.cc(73)] ReadMemory at 0x224ebfa92b0 of 132 bytes failed: Only part of a ReadProcessMemory or WriteProcessMemory request was completed. (0x12B)
[0318/153852.922:ERROR:process_memory_win.cc(73)] ReadMemory at 0x224ebfa93e0 of 132 bytes failed: Only part of a ReadProcessMemory or WriteProcessMemory request was completed. (0x12B)
[0318/153852.922:ERROR:process_memory_win.cc(73)] ReadMemory at 0x224ebfa9510 of 132 bytes failed: Only part of a ReadProcessMemory or WriteProcessMemory request was completed. (0x12B)
[0318/153852.922:ERROR:process_memory_win.cc(73)] ReadMemory at 0x224ebfb8d10 of 62 bytes failed: Only part of a ReadProcessMemory or WriteProcessMemory request was completed. (0x12B)
[0318/153852.922:ERROR:process_memory_win.cc(73)] ReadMemory at 0x224ebfb8e50 of 66 bytes failed: Only part of a ReadProcessMemory or WriteProcessMemory request was completed. (0x12B)
[0318/153852.922:ERROR:process_memory_win.cc(73)] ReadMemory at 0x224ebfb8f90 of 58 bytes failed: Only part of a ReadProcessMemory or WriteProcessMemory request was completed. (0x12B)
[0318/153852.922:ERROR:process_memory_win.cc(73)] ReadMemory at 0x224ebfb91c0 of 60 bytes failed: Only part of a ReadProcessMemory or WriteProcessMemory request was completed. (0x12B)
[0318/153852.922:ERROR:process_memory_win.cc(73)] ReadMemory at 0x224ebfb9530 of 66 bytes failed: Only part of a ReadProcessMemory or WriteProcessMemory request was completed. (0x12B)
[0318/153852.922:ERROR:process_memory_win.cc(73)] ReadMemory at 0x224ebfb9580 of 58 bytes failed: Only part of a ReadProcessMemory or WriteProcessMemory request was completed. (0x12B)
[0318/153852.923:ERROR:process_memory_win.cc(73)] ReadMemory at 0x224ebfb95d0 of 64 bytes failed: Only part of a ReadProcessMemory or WriteProcessMemory request was completed. (0x12B)
[0318/153852.923:ERROR:process_memory_win.cc(73)] ReadMemory at 0x224ebfb9620 of 60 bytes failed: Only part of a ReadProcessMemory or WriteProcessMemory request was completed. (0x12B)
[0318/153852.923:ERROR:process_memory_win.cc(73)] ReadMemory at 0x224ebfb9670 of 62 bytes failed: Only part of a ReadProcessMemory or WriteProcessMemory request was completed. (0x12B)
[0318/153852.923:ERROR:process_memory_win.cc(73)] ReadMemory at 0x224ebfb9800 of 58 bytes failed: Only part of a ReadProcessMemory or WriteProcessMemory request was completed. (0x12B)
[0318/153852.923:ERROR:process_memory_win.cc(73)] ReadMemory at 0x224ebfb9850 of 62 bytes failed: Only part of a ReadProcessMemory or WriteProcessMemory request was completed. (0x12B)
[0318/153852.923:ERROR:process_memory_win.cc(73)] ReadMemory at 0x224ebfb9b70 of 60 bytes failed: Only part of a ReadProcessMemory or WriteProcessMemory request was completed. (0x12B)
[0318/153852.923:ERROR:process_memory_win.cc(73)] ReadMemory at 0x224ebfc1800 of 512 bytes failed: Only part of a ReadProcessMemory or WriteProcessMemory request was completed. (0x12B)
[0318/153852.923:ERROR:process_memory_win.cc(73)] ReadMemory at 0x224ebfcca90 of 512 bytes failed: Only part of a ReadProcessMemory or WriteProcessMemory request was completed. (0x12B)
[0318/153852.923:ERROR:process_memory_win.cc(73)] ReadMemory at 0x224ebfcce10 of 512 bytes failed: Only part of a ReadProcessMemory or WriteProcessMemory request was completed. (0x12B)
[0318/153852.923:ERROR:process_memory_win.cc(73)] ReadMemory at 0x224ebff31a0 of 512 bytes failed: Only part of a ReadProcessMemory or WriteProcessMemory request was completed. (0x12B)
[0318/153852.923:ERROR:process_memory_win.cc(73)] ReadMemory at 0x224ebffa9b0 of 60 bytes failed: Only part of a ReadProcessMemory or WriteProcessMemory request was completed. (0x12B)
[0318/153852.923:ERROR:process_memory_win.cc(73)] ReadMemory at 0x224ebffffa0 of 512 bytes failed: Only part of a ReadProcessMemory or WriteProcessMemory request was completed. (0x12B)
[0318/153852.923:ERROR:process_memory_win.cc(73)] ReadMemory at 0x224ec000320 of 512 bytes failed: Only part of a ReadProcessMemory or WriteProcessMemory request was completed. (0x12B)
[0318/153852.923:ERROR:process_memory_win.cc(73)] ReadMemory at 0x224ec000840 of 60 bytes failed: Only part of a ReadProcessMemory or WriteProcessMemory request was completed. (0x12B)
[0318/153852.924:ERROR:process_memory_win.cc(73)] ReadMemory at 0x224ec0008e0 of 62 bytes failed: Only part of a ReadProcessMemory or WriteProcessMemory request was completed. (0x12B)
[0318/153852.924:ERROR:process_memory_win.cc(73)] ReadMemory at 0x224ec000930 of 66 bytes failed: Only part of a ReadProcessMemory or WriteProcessMemory request was completed. (0x12B)
[0318/153852.924:ERROR:process_memory_win.cc(73)] ReadMemory at 0x224ec001010 of 64 bytes failed: Only part of a ReadProcessMemory or WriteProcessMemory request was completed. (0x12B)
[0318/153852.924:ERROR:process_memory_win.cc(73)] ReadMemory at 0x224ec0011a0 of 64 bytes failed: Only part of a ReadProcessMemory or WriteProcessMemory request was completed. (0x12B)
[0318/153852.924:ERROR:process_memory_win.cc(73)] ReadMemory at 0x224ec0011f0 of 62 bytes failed: Only part of a ReadProcessMemory or WriteProcessMemory request was completed. (0x12B)
[0318/153852.924:ERROR:process_memory_win.cc(73)] ReadMemory at 0x224ec002790 of 512 bytes failed: Only part of a ReadProcessMemory or WriteProcessMemory request was completed. (0x12B)
[0318/153852.924:ERROR:process_memory_win.cc(73)] ReadMemory at 0x224ec003fc0 of 132 bytes failed: Only part of a ReadProcessMemory or WriteProcessMemory request was completed. (0x12B)
[0318/153852.924:ERROR:process_memory_win.cc(73)] ReadMemory at 0x224ec0045b0 of 132 bytes failed: Only part of a ReadProcessMemory or WriteProcessMemory request was completed. (0x12B)
[0318/153852.924:ERROR:process_memory_win.cc(73)] ReadMemory at 0x224ec0046e0 of 132 bytes failed: Only part of a ReadProcessMemory or WriteProcessMemory request was completed. (0x12B)
[0318/153852.924:ERROR:process_memory_win.cc(73)] ReadMemory at 0x224ec004810 of 132 bytes failed: Only part of a ReadProcessMemory or WriteProcessMemory request was completed. (0x12B)
[0318/153852.924:ERROR:process_memory_win.cc(73)] ReadMemory at 0x224ec004940 of 132 bytes failed: Only part of a ReadProcessMemory or WriteProcessMemory request was completed. (0x12B)
[0318/153852.924:ERROR:process_memory_win.cc(73)] ReadMemory at 0x224ec004a70 of 132 bytes failed: Only part of a ReadProcessMemory or WriteProcessMemory request was completed. (0x12B)
[0318/153852.924:ERROR:process_memory_win.cc(73)] ReadMemory at 0x224ec004e00 of 132 bytes failed: Only part of a ReadProcessMemory or WriteProcessMemory request was completed. (0x12B)
[0318/153852.924:ERROR:process_memory_win.cc(73)] ReadMemory at 0x224ec005650 of 132 bytes failed: Only part of a ReadProcessMemory or WriteProcessMemory request was completed. (0x12B)
[0318/153852.924:ERROR:process_memory_win.cc(73)] ReadMemory at 0x224ec03c0f0 of 58 bytes failed: Only part of a ReadProcessMemory or WriteProcessMemory request was completed. (0x12B)
[0318/153852.925:ERROR:process_memory_win.cc(73)] ReadMemory at 0x224ec230c40 of 512 bytes failed: Only part of a ReadProcessMemory or WriteProcessMemory request was completed. (0x12B)
[0318/153852.925:ERROR:process_memory_win.cc(73)] ReadMemory at 0x224ec230e80 of 512 bytes failed: Only part of a ReadProcessMemory or WriteProcessMemory request was completed. (0x12B)
[0318/153852.925:ERROR:process_memory_win.cc(73)] ReadMemory at 0x224ec2cabf0 of 704 bytes failed: Only part of a ReadProcessMemory or WriteProcessMemory request was completed. (0x12B)
[0318/153852.925:ERROR:process_memory_win.cc(73)] ReadMemory at 0x224ec30f880 of 992 bytes failed: Only part of a ReadProcessMemory or WriteProcessMemory request was completed. (0x12B)
[0318/153852.927:ERROR:scoped_process_suspend.cc(40)] NtResumeProcess: An attempt was made to access an exiting process. (0xc000010a)
[0318/154048.641:ERROR:process_info.cc(329)] VirtualQueryEx: Access is denied. (0x5)
[0318/154048.644:ERROR:process_info.cc(556)] ReadMemoryInfo failed
[0318/154048.644:ERROR:scoped_process_suspend.cc(40)] NtResumeProcess: An attempt was made to access an exiting process. (0xc000010a)
[0318/182428.792:ERROR:process_reader_win.cc(151)] SuspendThread: Access is denied. (0x5)
[0318/182428.793:ERROR:process_reader_win.cc(151)] SuspendThread: Access is denied. (0x5)
[0318/182428.793:ERROR:exception_snapshot_win.cc(98)] thread ID 11504 not found in process
[0318/182440.065:ERROR:process_info.cc(329)] VirtualQueryEx: Access is denied. (0x5)
[0318/182440.066:ERROR:process_info.cc(556)] ReadMemoryInfo failed
[0318/182440.066:ERROR:process_memory_win.cc(39)] Failed to initialize ProcessInfo.
[0318/182440.067:ERROR:scoped_process_suspend.cc(40)] NtResumeProcess: An attempt was made to access an exiting process. (0xc000010a)
[0318/182458.500:ERROR:process_reader_win.cc(151)] SuspendThread: Access is denied. (0x5)
[0318/182458.501:ERROR:process_reader_win.cc(151)] SuspendThread: Access is denied. (0x5)
[0318/182458.501:ERROR:exception_snapshot_win.cc(98)] thread ID 5376 not found in process
[0319/203228.044:ERROR:process_reader_win.cc(151)] SuspendThread: Access is denied. (0x5)
[0319/203228.054:ERROR:process_reader_win.cc(123)] NtOpenThread: {Access Denied} A process has requested access to an object, but has not been granted those access rights. (0xc0000022)
[0319/203228.057:ERROR:exception_snapshot_win.cc(98)] thread ID 14892 not found in process
[0319/203228.894:ERROR:process_reader_win.cc(151)] SuspendThread: Access is denied. (0x5)
[0319/203228.896:ERROR:process_reader_win.cc(151)] SuspendThread: Access is denied. (0x5)
[0319/203228.896:ERROR:exception_snapshot_win.cc(98)] thread ID 21536 not found in process
[0403/175733.529:ERROR:process_info.cc(329)] VirtualQueryEx: Access is denied. (0x5)
[0403/175733.531:ERROR:process_info.cc(556)] ReadMemoryInfo failed
[0403/175733.531:ERROR:scoped_process_suspend.cc(40)] NtResumeProcess: An attempt was made to access an exiting process. (0xc000010a)
